<?xml version="1.0" encoding="UTF-8"?>
<!-- Generated by org.testng.reporters.JUnitXMLReporter -->
<testsuite ignored="0" hostname="ENG-LPT-1074.local" failures="0" tests="4" name="Default test" time="114.951" errors="0" timestamp="2025-01-09T14:47:45 PKT">
  <testcase classname="CafeZupasAutomation.CafeZupasApp.BaseSetup" name="@BeforeClass configureAppium" time="30.511">
    <failure type="org.openqa.selenium.SessionNotCreatedException" message="Could not start a new session. Response code 500. Message: An unknown server-side error occurred while processing the command. Original error: Cannot start the &amp;apos;com.cafezupasres.co&amp;apos; application. Consider checking the driver&amp;apos;s troubleshooting documentation. Original error: &amp;apos;com.cafezupasres.co.MainActivity&amp;apos; or &amp;apos;com.cafezupasres.co.com.cafezupasres.co.MainActivity&amp;apos; never started. Consider checking the driver&amp;apos;s troubleshooting documentation. 
Host info: host: &amp;apos;ENG-LPT-1074.local&amp;apos;, ip: &amp;apos;fe80:0:0:0:1c64:5b71:fc0e:b63d%en0&amp;apos;
Build info: version: &amp;apos;4.27.0&amp;apos;, revision: &amp;apos;d6e718d134&amp;apos;
System info: os.name: &amp;apos;Mac OS X&amp;apos;, os.arch: &amp;apos;x86_64&amp;apos;, os.version: &amp;apos;14.5&amp;apos;, java.version: &amp;apos;23.0.1&amp;apos;
Driver info: io.appium.java_client.android.AndroidDriver
Command: [null, newSession {capabilities=[Capabilities {appium:app: /Users/tk-lpt-1074/eclipse-..., appium:automationName: UIAutomator2, appium:deviceName: FirstMediumEnvAuto, platformName: ANDROID}]}]
Capabilities {appium:app: /Users/tk-lpt-1074/eclipse-..., appium:automationName: UIAutomator2, appium:deviceName: FirstMediumEnvAuto, platformName: ANDROID}">
      <![CDATA[org.openqa.selenium.SessionNotCreatedException: Could not start a new session. Response code 500. Message: An unknown server-side error occurred while processing the command. Original error: Cannot start the 'com.cafezupasres.co' application. Consider checking the driver's troubleshooting documentation. Original error: 'com.cafezupasres.co.MainActivity' or 'com.cafezupasres.co.com.cafezupasres.co.MainActivity' never started. Consider checking the driver's troubleshooting documentation. 
Host info: host: 'ENG-LPT-1074.local', ip: 'fe80:0:0:0:1c64:5b71:fc0e:b63d%en0'
Build info: version: '4.27.0', revision: 'd6e718d134'
System info: os.name: 'Mac OS X', os.arch: 'x86_64', os.version: '14.5', java.version: '23.0.1'
Driver info: io.appium.java_client.android.AndroidDriver
Command: [null, newSession {capabilities=[Capabilities {appium:app: /Users/tk-lpt-1074/eclipse-..., appium:automationName: UIAutomator2, appium:deviceName: FirstMediumEnvAuto, platformName: ANDROID}]}]
Capabilities {appium:app: /Users/tk-lpt-1074/eclipse-..., appium:automationName: UIAutomator2, appium:deviceName: FirstMediumEnvAuto, platformName: ANDROID}
at org.openqa.selenium.remote.ProtocolHandshake.createSession(ProtocolHandshake.java:114)
at org.openqa.selenium.remote.ProtocolHandshake.createSession(ProtocolHandshake.java:75)
at org.openqa.selenium.remote.ProtocolHandshake.createSession(ProtocolHandshake.java:61)
at io.appium.java_client.remote.AppiumCommandExecutor.createSession(AppiumCommandExecutor.java:176)
at io.appium.java_client.remote.AppiumCommandExecutor.execute(AppiumCommandExecutor.java:237)
at org.openqa.selenium.remote.RemoteWebDriver.execute(RemoteWebDriver.java:545)
at io.appium.java_client.AppiumDriver.startSession(AppiumDriver.java:270)
at org.openqa.selenium.remote.RemoteWebDriver.<init>(RemoteWebDriver.java:174)
at io.appium.java_client.AppiumDriver.<init>(AppiumDriver.java:91)
at io.appium.java_client.AppiumDriver.<init>(AppiumDriver.java:103)
at io.appium.java_client.android.AndroidDriver.<init>(AndroidDriver.java:109)
at CafeZupasAutomation.CafeZupasApp.BaseSetup.configureAppium(BaseSetup.java:154)
at java.base/jdk.internal.reflect.DirectMethodHandleAccessor.invoke(DirectMethodHandleAccessor.java:103)
at java.base/java.lang.reflect.Method.invoke(Method.java:580)
at org.testng.internal.MethodInvocationHelper.invokeMethod(MethodInvocationHelper.java:133)
at org.testng.internal.MethodInvocationHelper.invokeMethodConsideringTimeout(MethodInvocationHelper.java:62)
at org.testng.internal.ConfigInvoker.invokeConfigurationMethod(ConfigInvoker.java:385)
at org.testng.internal.ConfigInvoker.invokeConfigurations(ConfigInvoker.java:321)
at org.testng.internal.TestMethodWorker.invokeBeforeClassMethods(TestMethodWorker.java:176)
at org.testng.internal.TestMethodWorker.run(TestMethodWorker.java:122)
at java.base/java.util.ArrayList.forEach(ArrayList.java:1597)
at org.testng.TestRunner.privateRun(TestRunner.java:794)
at org.testng.TestRunner.run(TestRunner.java:596)
at org.testng.SuiteRunner.runTest(SuiteRunner.java:377)
at org.testng.SuiteRunner.runSequentially(SuiteRunner.java:371)
at org.testng.SuiteRunner.privateRun(SuiteRunner.java:332)
at org.testng.SuiteRunner.run(SuiteRunner.java:276)
at org.testng.SuiteRunnerWorker.runSuite(SuiteRunnerWorker.java:53)
at org.testng.SuiteRunnerWorker.run(SuiteRunnerWorker.java:96)
at org.testng.TestNG.runSuitesSequentially(TestNG.java:1212)
at org.testng.TestNG.runSuitesLocally(TestNG.java:1134)
at org.testng.TestNG.runSuites(TestNG.java:1063)
at org.testng.TestNG.run(TestNG.java:1031)
at org.testng.remote.AbstractRemoteTestNG.run(AbstractRemoteTestNG.java:115)
at org.testng.remote.RemoteTestNG.initAndRun(RemoteTestNG.java:293)
at org.testng.remote.RemoteTestNG.main(RemoteTestNG.java:91)
]]>
    </failure>
  </testcase> <!-- @BeforeClass configureAppium -->
  <testcase classname="CafeZupasAutomation.CafeZupasApp.SignUp" name="SignUpTest" time="0.0">
    <skipped/>
  </testcase> <!-- SignUpTest -->
  <testcase classname="CafeZupasAutomation.CafeZupasApp.SignUpFail" name="SignUpFailTest" time="23.738"/>
  <testcase classname="CafeZupasAutomation.CafeZupasApp.SignIn" name="LoginTest" time="15.07"/>
  <testcase classname="CafeZupasAutomation.CafeZupasApp.SignInFail" name="LoginTestWithWrongCreds" time="13.201"/>
</testsuite> <!-- Default test -->
