<?xml version="1.0" encoding="UTF-8"?>
<!-- Generated by org.testng.reporters.JUnitXMLReporter -->
<testsuite ignored="0" hostname="ENG-LPT-1074.local" failures="0" tests="4" name="Default test" time="145.853" errors="0" timestamp="2025-01-13T13:07:14 PKT">
  <testcase classname="Android.test.SignInTest" name="testLogin" time="13.983"/>
  <testcase classname="Android.test.SignInTest" name="LoginTestWithWrongCreds" time="13.418"/>
  <testcase classname="Android.test.SignUpTest" name="testSignUp" time="33.723"/>
  <testcase classname="Android.test.SignUpTest" name="testSignUpFail" time="27.538"/>
</testsuite> <!-- Default test -->
