<?xml version="1.0" encoding="UTF-8"?>
<testng-results ignored="0" total="4" passed="3" failed="1" skipped="0">
  <reporter-output>
  </reporter-output>
  <suite started-at="2025-01-08T19:06:23 PKT" name="Default suite" finished-at="2025-01-08T19:10:23 PKT" duration-ms="239608">
    <groups>
    </groups>
    <test started-at="2025-01-08T19:06:23 PKT" name="Default test" finished-at="2025-01-08T19:10:23 PKT" duration-ms="239608">
      <class name="CafeZupasAutomation.CafeZupasApp.SignUp">
        <test-method is-config="true" signature="ConfigureAppium()[pri:0, instance:CafeZupasAutomation.CafeZupasApp.SignUp@6379eb]" started-at="2025-01-08T19:06:23 PKT" name="ConfigureAppium" finished-at="2025-01-08T19:06:39 PKT" duration-ms="15884" status="PASS">
          <reporter-output>
          </reporter-output>
        </test-method> <!-- ConfigureAppium -->
        <test-method signature="SignUpTest()[pri:0, instance:CafeZupasAutomation.CafeZupasApp.SignUp@6379eb]" started-at="2025-01-08T19:06:39 PKT" name="SignUpTest" finished-at="2025-01-08T19:07:06 PKT" duration-ms="27078" status="PASS">
          <reporter-output>
          </reporter-output>
        </test-method> <!-- SignUpTest -->
        <test-method is-config="true" signature="quitDriver()[pri:0, instance:CafeZupasAutomation.CafeZupasApp.SignUp@6379eb]" started-at="2025-01-08T19:07:06 PKT" name="quitDriver" finished-at="2025-01-08T19:07:07 PKT" duration-ms="1447" status="PASS">
          <reporter-output>
          </reporter-output>
        </test-method> <!-- quitDriver -->
      </class> <!-- CafeZupasAutomation.CafeZupasApp.SignUp -->
      <class name="CafeZupasAutomation.CafeZupasApp.SignUpFail">
        <test-method is-config="true" signature="ConfigureAppium()[pri:0, instance:CafeZupasAutomation.CafeZupasApp.SignUpFail@6b81ce95]" started-at="2025-01-08T19:07:07 PKT" name="ConfigureAppium" finished-at="2025-01-08T19:07:20 PKT" duration-ms="12764" status="PASS">
          <reporter-output>
          </reporter-output>
        </test-method> <!-- ConfigureAppium -->
        <test-method signature="SignUpFailTest()[pri:0, instance:CafeZupasAutomation.CafeZupasApp.SignUpFail@6b81ce95]" started-at="2025-01-08T19:07:20 PKT" name="SignUpFailTest" finished-at="2025-01-08T19:09:27 PKT" duration-ms="127221" status="FAIL">
          <exception class="org.openqa.selenium.NoSuchElementException">
            <message>
              <![CDATA[An element could not be located on the page using the given search parameters.
For documentation on this error, please visit: https://www.selenium.dev/documentation/webdriver/troubleshooting/errors#no-such-element-exception
Build info: version: '4.27.0', revision: 'd6e718d134'
System info: os.name: 'Mac OS X', os.arch: 'x86_64', os.version: '14.5', java.version: '23.0.1'
Driver info: io.appium.java_client.android.AndroidDriver
Command: [d0afed85-aeec-4f89-afbb-fad35e0dac89, findElement {using=xpath, value=//android.widget.EditText[contains(@resource-id, 'FIRST_NAME')]}]
Capabilities {appium:app: //Users//tk-lpt-1074//eclip..., appium:appActivity: com.cafezupasres.co.MainAct..., appium:appPackage: com.cafezupasres.co, appium:automationName: UIAutomator2, appium:databaseEnabled: false, appium:desired: {app: //Users//tk-lpt-1074//eclip..., automationName: UIAutomator2, deviceName: FirstMediumEnvAuto, platformName: ANDROID}, appium:deviceApiLevel: 35, appium:deviceManufacturer: Google, appium:deviceModel: sdk_gphone64_x86_64, appium:deviceName: emulator-5554, appium:deviceScreenDensity: 420, appium:deviceScreenSize: 1080x2400, appium:deviceUDID: emulator-5554, appium:javascriptEnabled: true, appium:locationContextEnabled: false, appium:networkConnectionEnabled: true, appium:pixelRatio: 2.625, appium:platformVersion: 15, appium:statBarHeight: 63, appium:takesScreenshot: true, appium:viewportRect: {height: 2337, left: 0, top: 63, width: 1080}, appium:warnings: {}, appium:webStorageEnabled: false, platformName: ANDROID}
Session ID: d0afed85-aeec-4f89-afbb-fad35e0dac89]]>
            </message>
            <full-stacktrace>
              <![CDATA[org.openqa.selenium.NoSuchElementException: An element could not be located on the page using the given search parameters.
For documentation on this error, please visit: https://www.selenium.dev/documentation/webdriver/troubleshooting/errors#no-such-element-exception
Build info: version: '4.27.0', revision: 'd6e718d134'
System info: os.name: 'Mac OS X', os.arch: 'x86_64', os.version: '14.5', java.version: '23.0.1'
Driver info: io.appium.java_client.android.AndroidDriver
Command: [d0afed85-aeec-4f89-afbb-fad35e0dac89, findElement {using=xpath, value=//android.widget.EditText[contains(@resource-id, 'FIRST_NAME')]}]
Capabilities {appium:app: //Users//tk-lpt-1074//eclip..., appium:appActivity: com.cafezupasres.co.MainAct..., appium:appPackage: com.cafezupasres.co, appium:automationName: UIAutomator2, appium:databaseEnabled: false, appium:desired: {app: //Users//tk-lpt-1074//eclip..., automationName: UIAutomator2, deviceName: FirstMediumEnvAuto, platformName: ANDROID}, appium:deviceApiLevel: 35, appium:deviceManufacturer: Google, appium:deviceModel: sdk_gphone64_x86_64, appium:deviceName: emulator-5554, appium:deviceScreenDensity: 420, appium:deviceScreenSize: 1080x2400, appium:deviceUDID: emulator-5554, appium:javascriptEnabled: true, appium:locationContextEnabled: false, appium:networkConnectionEnabled: true, appium:pixelRatio: 2.625, appium:platformVersion: 15, appium:statBarHeight: 63, appium:takesScreenshot: true, appium:viewportRect: {height: 2337, left: 0, top: 63, width: 1080}, appium:warnings: {}, appium:webStorageEnabled: false, platformName: ANDROID}
Session ID: d0afed85-aeec-4f89-afbb-fad35e0dac89
at java.base/jdk.internal.reflect.DirectConstructorHandleAccessor.newInstance(DirectConstructorHandleAccessor.java:62)
at java.base/java.lang.reflect.Constructor.newInstanceWithCaller(Constructor.java:501)
at java.base/java.lang.reflect.Constructor.newInstance(Constructor.java:485)
at org.openqa.selenium.remote.ErrorCodec.decode(ErrorCodec.java:167)
at org.openqa.selenium.remote.codec.w3c.W3CHttpResponseCodec.decode(W3CHttpResponseCodec.java:138)
at org.openqa.selenium.remote.codec.w3c.W3CHttpResponseCodec.decode(W3CHttpResponseCodec.java:50)
at org.openqa.selenium.remote.HttpCommandExecutor.execute(HttpCommandExecutor.java:190)
at io.appium.java_client.remote.AppiumCommandExecutor.execute(AppiumCommandExecutor.java:237)
at org.openqa.selenium.remote.RemoteWebDriver.execute(RemoteWebDriver.java:545)
at org.openqa.selenium.remote.ElementLocation$ElementFinder$2.findElement(ElementLocation.java:165)
at org.openqa.selenium.remote.ElementLocation.findElement(ElementLocation.java:59)
at org.openqa.selenium.remote.RemoteWebDriver.findElement(RemoteWebDriver.java:368)
at org.openqa.selenium.remote.RemoteWebDriver.findElement(RemoteWebDriver.java:362)
at CafeZupasAutomation.CafeZupasApp.SignUpFail.SignUpFailTest(SignUpFail.java:20)
at java.base/jdk.internal.reflect.DirectMethodHandleAccessor.invoke(DirectMethodHandleAccessor.java:103)
at java.base/java.lang.reflect.Method.invoke(Method.java:580)
at org.testng.internal.MethodInvocationHelper.invokeMethod(MethodInvocationHelper.java:133)
at org.testng.internal.TestInvoker.invokeMethod(TestInvoker.java:598)
at org.testng.internal.TestInvoker.invokeTestMethod(TestInvoker.java:173)
at org.testng.internal.MethodRunner.runInSequence(MethodRunner.java:46)
at org.testng.internal.TestInvoker$MethodInvocationAgent.invoke(TestInvoker.java:824)
at org.testng.internal.TestInvoker.invokeTestMethods(TestInvoker.java:146)
at org.testng.internal.TestMethodWorker.invokeTestMethods(TestMethodWorker.java:146)
at org.testng.internal.TestMethodWorker.run(TestMethodWorker.java:128)
at java.base/java.util.ArrayList.forEach(ArrayList.java:1597)
at org.testng.TestRunner.privateRun(TestRunner.java:794)
at org.testng.TestRunner.run(TestRunner.java:596)
at org.testng.SuiteRunner.runTest(SuiteRunner.java:377)
at org.testng.SuiteRunner.runSequentially(SuiteRunner.java:371)
at org.testng.SuiteRunner.privateRun(SuiteRunner.java:332)
at org.testng.SuiteRunner.run(SuiteRunner.java:276)
at org.testng.SuiteRunnerWorker.runSuite(SuiteRunnerWorker.java:53)
at org.testng.SuiteRunnerWorker.run(SuiteRunnerWorker.java:96)
at org.testng.TestNG.runSuitesSequentially(TestNG.java:1212)
at org.testng.TestNG.runSuitesLocally(TestNG.java:1134)
at org.testng.TestNG.runSuites(TestNG.java:1063)
at org.testng.TestNG.run(TestNG.java:1031)
at org.testng.remote.AbstractRemoteTestNG.run(AbstractRemoteTestNG.java:115)
at org.testng.remote.RemoteTestNG.initAndRun(RemoteTestNG.java:293)
at org.testng.remote.RemoteTestNG.main(RemoteTestNG.java:91)
]]>
            </full-stacktrace>
          </exception> <!-- org.openqa.selenium.NoSuchElementException -->
          <reporter-output>
          </reporter-output>
        </test-method> <!-- SignUpFailTest -->
        <test-method is-config="true" signature="quitDriver()[pri:0, instance:CafeZupasAutomation.CafeZupasApp.SignUpFail@6b81ce95]" started-at="2025-01-08T19:09:27 PKT" name="quitDriver" finished-at="2025-01-08T19:09:28 PKT" duration-ms="478" status="PASS">
          <reporter-output>
          </reporter-output>
        </test-method> <!-- quitDriver -->
      </class> <!-- CafeZupasAutomation.CafeZupasApp.SignUpFail -->
      <class name="CafeZupasAutomation.CafeZupasApp.SignIn">
        <test-method is-config="true" signature="ConfigureAppium()[pri:0, instance:CafeZupasAutomation.CafeZupasApp.SignIn@2a798d51]" started-at="2025-01-08T19:09:28 PKT" name="ConfigureAppium" finished-at="2025-01-08T19:09:39 PKT" duration-ms="10815" status="PASS">
          <reporter-output>
          </reporter-output>
        </test-method> <!-- ConfigureAppium -->
        <test-method signature="LoginTest()[pri:0, instance:CafeZupasAutomation.CafeZupasApp.SignIn@2a798d51]" started-at="2025-01-08T19:09:39 PKT" name="LoginTest" finished-at="2025-01-08T19:09:54 PKT" duration-ms="15709" status="PASS">
          <reporter-output>
          </reporter-output>
        </test-method> <!-- LoginTest -->
        <test-method is-config="true" signature="quitDriver()[pri:0, instance:CafeZupasAutomation.CafeZupasApp.SignIn@2a798d51]" started-at="2025-01-08T19:09:54 PKT" name="quitDriver" finished-at="2025-01-08T19:09:56 PKT" duration-ms="1221" status="PASS">
          <reporter-output>
          </reporter-output>
        </test-method> <!-- quitDriver -->
      </class> <!-- CafeZupasAutomation.CafeZupasApp.SignIn -->
      <class name="CafeZupasAutomation.CafeZupasApp.SignInFail">
        <test-method is-config="true" signature="ConfigureAppium()[pri:0, instance:CafeZupasAutomation.CafeZupasApp.SignInFail@6d763516]" started-at="2025-01-08T19:09:56 PKT" name="ConfigureAppium" finished-at="2025-01-08T19:10:08 PKT" duration-ms="11963" status="PASS">
          <reporter-output>
          </reporter-output>
        </test-method> <!-- ConfigureAppium -->
        <test-method signature="LoginTestWithWrongCreds()[pri:0, instance:CafeZupasAutomation.CafeZupasApp.SignInFail@6d763516]" started-at="2025-01-08T19:10:08 PKT" name="LoginTestWithWrongCreds" finished-at="2025-01-08T19:10:21 PKT" duration-ms="13853" status="PASS">
          <reporter-output>
          </reporter-output>
        </test-method> <!-- LoginTestWithWrongCreds -->
        <test-method is-config="true" signature="quitDriver()[pri:0, instance:CafeZupasAutomation.CafeZupasApp.SignInFail@6d763516]" started-at="2025-01-08T19:10:21 PKT" name="quitDriver" finished-at="2025-01-08T19:10:23 PKT" duration-ms="1139" status="PASS">
          <reporter-output>
          </reporter-output>
        </test-method> <!-- quitDriver -->
      </class> <!-- CafeZupasAutomation.CafeZupasApp.SignInFail -->
    </test> <!-- Default test -->
  </suite> <!-- Default suite -->
</testng-results>
